#
# There is insufficient memory for the Java Runtime Environment to continue.
# Native memory allocation (malloc) failed to allocate 1048576 bytes for AllocateHeap
# Possible reasons:
#   The system is out of physical RAM or swap space
#   In 32 bit mode, the process size limit was hit
# Possible solutions:
#   Reduce memory load on the system
#   Increase physical memory or swap space
#   Check if swap backing store is full
#   Use 64 bit Java on a 64 bit OS
#   Decrease Java heap size (-Xmx/-Xms)
#   Decrease number of Java threads
#   Decrease Java thread stack sizes (-Xss)
#   Set larger code cache with -XX:ReservedCodeCacheSize=
# This output file may be truncated or incomplete.
#
#  Out of Memory Error (memory/allocation.inline.hpp:61), pid=16496, tid=16532
#
# JRE version:  (8.0_65-b17) (build )
# Java VM: Java HotSpot(TM) 64-Bit Server VM (25.65-b01 mixed mode windows-amd64 compressed oops)
# Failed to write core dump. Minidumps are not enabled by default on client versions of Windows
#

---------------  T H R E A D  ---------------

Current thread (0x00000000025be000):  JavaThread "Unknown thread" [_thread_in_vm, id=16532, stack(0x0000000002470000,0x0000000002570000)]

Stack: [0x0000000002470000,0x0000000002570000]
[error occurred during error reporting (printing stack bounds), id 0xc0000005]

Native frames: (J=compiled Java code, j=interpreted, Vv=VM code, C=native code)


---------------  P R O C E S S  ---------------

Java Threads: ( => current thread )

Other Threads:

=>0x00000000025be000 (exited) JavaThread "Unknown thread" [_thread_in_vm, id=16532, stack(0x0000000002470000,0x0000000002570000)]

VM state:not at safepoint (normal execution)

VM Mutex/Monitor currently owned by a thread: None

Heap:
 PSYoungGen      total 76288K, used 1310K [0x000000076b400000, 0x0000000770900000, 0x00000007c0000000)
  eden space 65536K, 2% used [0x000000076b400000,0x000000076b547af0,0x000000076f400000)
  from space 10752K, 0% used [0x000000076fe80000,0x000000076fe80000,0x0000000770900000)
  to   space 10752K, 0% used [0x000000076f400000,0x000000076f400000,0x000000076fe80000)
 ParOldGen       total 175104K, used 0K [0x00000006c1c00000, 0x00000006cc700000, 0x000000076b400000)
  object space 175104K, 0% used [0x00000006c1c00000,0x00000006c1c00000,0x00000006cc700000)
 Metaspace       used 767K, capacity 4480K, committed 4480K, reserved 1056768K
  class space    used 75K, capacity 384K, committed 384K, reserved 1048576K

Card table byte_map: [0x0000000011a80000,0x0000000012280000] byte_map_base: 0x000000000e472000

Marking Bits: (ParMarkBitMap*) 0x000000006bc7a5b0
 Begin Bits: [0x0000000012fd0000, 0x0000000016f60000)
 End Bits:   [0x0000000016f60000, 0x000000001aef0000)

Polling page: 0x00000000007c0000

CodeCache: size=245760Kb used=328Kb max_used=328Kb free=245431Kb
 bounds [0x00000000026c0000, 0x0000000002930000, 0x00000000116c0000]
 total_blobs=57 nmethods=0 adapters=37
 compilation: enabled

Compilation events (0 events):
No events

GC Heap History (0 events):
No events

Deoptimization events (0 events):
No events

Internal exceptions (0 events):
No events

Events (10 events):
Event: 0.405 loading class java/lang/Short
Event: 0.405 loading class java/lang/Short done
Event: 0.405 loading class java/lang/Integer
Event: 0.405 loading class java/lang/Integer done
Event: 0.405 loading class java/lang/Long
Event: 0.405 loading class java/lang/Long done
Event: 0.406 loading class java/lang/NullPointerException
Event: 0.406 loading class java/lang/NullPointerException done
Event: 0.406 loading class java/lang/ArithmeticException
Event: 0.406 loading class java/lang/ArithmeticException done


Dynamic libraries:
0x00007ff6ebb90000 - 0x00007ff6ebbc7000 	A:\java\jdk\bin\java.exe
0x00007ff8dfe20000 - 0x00007ff8dffcd000 	C:\WINDOWS\SYSTEM32\ntdll.dll
0x00007ff8debc0000 - 0x00007ff8decfe000 	C:\WINDOWS\system32\KERNEL32.DLL
0x00007ff8dcd70000 - 0x00007ff8dce85000 	C:\WINDOWS\system32\KERNELBASE.dll
0x00007ff8db7a0000 - 0x00007ff8db82e000 	C:\WINDOWS\system32\apphelp.dll
0x00007ff8c3930000 - 0x00007ff8c3983000 	C:\WINDOWS\AppPatch\AppPatch64\AcGenral.DLL
0x00007ff8dd380000 - 0x00007ff8dd42a000 	C:\WINDOWS\system32\msvcrt.dll
0x00007ff8dcd40000 - 0x00007ff8dcd6e000 	C:\WINDOWS\system32\SspiCli.dll
0x00007ff8def70000 - 0x00007ff8defc4000 	C:\WINDOWS\system32\SHLWAPI.dll
0x00007ff8df4d0000 - 0x00007ff8df647000 	C:\WINDOWS\system32\USER32.dll
0x00007ff8dedd0000 - 0x00007ff8def64000 	C:\WINDOWS\system32\ole32.dll
0x00007ff8dd690000 - 0x00007ff8debba000 	C:\WINDOWS\system32\SHELL32.dll
0x00007ff8dc170000 - 0x00007ff8dc191000 	C:\WINDOWS\SYSTEM32\USERENV.dll
0x00007ff8dfce0000 - 0x00007ff8dfd8a000 	C:\WINDOWS\system32\ADVAPI32.dll
0x00007ff8d3c70000 - 0x00007ff8d3c8e000 	C:\WINDOWS\SYSTEM32\MPR.dll
0x00007ff8dfb30000 - 0x00007ff8dfc70000 	C:\WINDOWS\system32\RPCRT4.dll
0x00007ff8dd430000 - 0x00007ff8dd489000 	C:\WINDOWS\SYSTEM32\sechost.dll
0x00007ff8df900000 - 0x00007ff8dfb11000 	C:\WINDOWS\SYSTEM32\combase.dll
0x00007ff8df7b0000 - 0x00007ff8df8ff000 	C:\WINDOWS\system32\GDI32.dll
0x00007ff8dcb50000 - 0x00007ff8dcb65000 	C:\WINDOWS\SYSTEM32\profapi.dll
0x00007ff8db170000 - 0x00007ff8db222000 	C:\WINDOWS\SYSTEM32\SHCORE.dll
0x00007ff8df490000 - 0x00007ff8df4c6000 	C:\WINDOWS\system32\IMM32.DLL
0x00007ff8dd530000 - 0x00007ff8dd682000 	C:\WINDOWS\system32\MSCTF.dll
0x00007ff8da960000 - 0x00007ff8dabdb000 	C:\WINDOWS\WinSxS\amd64_microsoft.windows.common-controls_6595b64144ccf1df_6.0.9600.18006_none_623f33d3ecbe86e8\COMCTL32.dll
0x000000006b2b0000 - 0x000000006b382000 	A:\java\jdk\jre\bin\msvcr100.dll
0x000000006b470000 - 0x000000006bcf9000 	A:\java\jdk\jre\bin\server\jvm.dll
0x00007ff8cdcc0000 - 0x00007ff8cdcc9000 	C:\WINDOWS\SYSTEM32\WSOCK32.dll
0x00007ff8dce90000 - 0x00007ff8dceb2000 	C:\WINDOWS\system32\WINMM.dll
0x00007ff8d8950000 - 0x00007ff8d895a000 	C:\WINDOWS\SYSTEM32\VERSION.dll
0x00007ff8dfb20000 - 0x00007ff8dfb27000 	C:\WINDOWS\system32\PSAPI.DLL
0x00007ff8df430000 - 0x00007ff8df48a000 	C:\WINDOWS\system32\WS2_32.dll
0x00007ff8dcc30000 - 0x00007ff8dcc5a000 	C:\WINDOWS\system32\WINMMBASE.dll
0x00007ff8dfcd0000 - 0x00007ff8dfcd9000 	C:\WINDOWS\system32\NSI.dll
0x00007ff8dd150000 - 0x00007ff8dd19f000 	C:\WINDOWS\SYSTEM32\cfgmgr32.dll
0x00007ff8dcc00000 - 0x00007ff8dcc28000 	C:\WINDOWS\system32\DEVOBJ.dll
0x000000006b460000 - 0x000000006b46f000 	A:\java\jdk\jre\bin\verify.dll
0x000000006b430000 - 0x000000006b459000 	A:\java\jdk\jre\bin\java.dll
0x000000006b410000 - 0x000000006b426000 	A:\java\jdk\jre\bin\zip.dll

VM Arguments:
jvm_args: -Dfile.encoding=GBK -Duser.country=US -Duser.language=en -Duser.variant 
java_command: Main.Entry
java_class_path (initial): A:\java\JavaProject\2017.10.26JCat-ResourceEditor\build\classes\main;A:\java\JavaProject\2017.10.26JCat-ResourceEditor\build\resources\main;C:\Users\Administrator\.gradle\caches\modules-2\files-2.1\org.json\json\20160810\aca5eb39e2a12fddd6c472b240afe9ebea3a6733\json-20160810.jar
Launcher Type: SUN_STANDARD

Environment Variables:
JAVA_HOME=A:\java\jdk
PATH=A:/java/jdk/bin/../jre/bin/server;A:/java/jdk/bin/../jre/bin;A:/java/jdk/bin/../jre/lib/amd64;A:\java\iscc\Inno Setup 5\;A:\java\mysql\mysql-5.6.24-win32.1432006610\mysql-5.6.24-win32\bin;A:\Ruby\Ruby\bin;A:\python\;A:\python\Scripts;A:\java\jdk\bin;C:\Program Files (x86)\Intel\iCLS Client\;C:\Program Files\Intel\iCLS Client\;C:\Windows\system32;C:\Windows;C:\Windows\System32\Wbem;C:\Windows\System32\WindowsPowerShell\v1.0\;C:\Program Files\Intel\Intel(R) Management Engine Components\DAL;C:\Program Files (x86)\Intel\Intel(R) Management Engine Components\DAL;C:\Program Files\Intel\Intel(R) Management Engine Components\IPT;C:\Program Files (x86)\Intel\Intel(R) Management Engine Components\IPT;C:\Program Files\Common Files\Autodesk Shared\;C:\Program Files (x86)\Autodesk\Backburner\;C:\Program Files (x86)\NVIDIA Corporation\PhysX\Common;C:\Program Files (x86)\QuickTime\QTSystem\;A:\Lua\exe\5.1;A:\Lua\exe\5.1\clibs;C:\WINDOWS\system32;C:\WINDOWS;C:\WINDOWS\System32\Wbem;C:\WINDOWS\System32\WindowsPowerShell\v1.0\;C:\Program Files (x86)\Windows Kits\8.1\Windows Performance Toolkit\;C:\Program Files\Microsoft SQL Server\120\Tools\Binn\;E:\Git\Git\cmd;C:\Program Files (x86)\GtkSharp\2.12\bin;C:\WINDOWS\system32\config\systemprofile\.dnx\bin;C:\Program Files\Microsoft DNX\Dnvm\;C:\Program Files\Microsoft SQL Server\130\Tools\Binn\;A:\java\iscc\Inno Setup 5;A:\java\gradle\gradle-1.12-all\gradle-1.12\bin;A:\java\ant\apache-ant-1.10.1-bin\apache-ant-1.10.1\bin;A:\Android\androidSdk\platform-tools;A:\Android\androidSdk\tools;E:\VC6.0\VC6\Tools\WinNT;E:\VC6.0\VC6\MSDev98\Bin;E:\VC6.0\VC6\Tools;E:\VC6.0\VC98\bin;A:\Android\androidSdk\build-tools;A:\java\jdk\bin;A:\Lua\exe\5.1;A:\python\;A:\python\Scripts;A:\java\jdk\Driver\access\lib\Access_JDBC30;E:\eclipse4.7\eclipse-jee-oxygen-1-win32-x86_64\eclipse;
USERNAME=Administrator
OS=Windows_NT
PROCESSOR_IDENTIFIER=Intel64 Family 6 Model 60 Stepping 3, GenuineIntel



---------------  S Y S T E M  ---------------

OS: Windows 8.1 , 64 bit Build 9600 (6.3.9600.17415)

CPU:total 8 (4 cores per cpu, 2 threads per core) family 6 model 60 stepping 3, cmov, cx8, fxsr, mmx, sse, sse2, sse3, ssse3, sse4.1, sse4.2, popcnt, avx, avx2, aes, clmul, erms, lzcnt, ht, tsc, tscinvbit, bmi1, bmi2

Memory: 4k page, physical 16658544k(162068k free), swap 38834312k(5268k free)

vm_info: Java HotSpot(TM) 64-Bit Server VM (25.65-b01) for windows-amd64 JRE (1.8.0_65-b17), built on Oct  6 2015 16:39:20 by "java_re" with MS VC++ 10.0 (VS2010)

time: Sat Oct 28 22:13:07 2017
elapsed time: 0 seconds (0d 0h 0m 0s)

